<?xml version="1.0" encoding="UTF-8"?>
<testng-results skipped="0" failed="0" total="2" passed="2">
  <reporter-output>
  </reporter-output>
  <suite name="Default suite" duration-ms="5928" started-at="2022-07-04T08:52:06Z" finished-at="2022-07-04T08:52:11Z">
    <groups>
    </groups>
    <test name="Default test" duration-ms="5928" started-at="2022-07-04T08:52:06Z" finished-at="2022-07-04T08:52:11Z">
      <class name="day1.RAday1">
        <test-method status="PASS" signature="testcase9(org.testng.ITestContext)[pri:0, instance:day1.RAday1@2b80d80f]" name="testcase9" duration-ms="5794" started-at="2022-07-04T14:22:06Z" finished-at="2022-07-04T14:22:11Z">
          <params>
            <param index="0">
              <value>
                <![CDATA[org.testng.TestRunner@380fb434]]>
              </value>
            </param>
          </params>
          <reporter-output>
          </reporter-output>
        </test-method> <!-- testcase9 -->
        <test-method status="PASS" signature="testcase10(org.testng.ITestContext)[pri:0, instance:day1.RAday1@2b80d80f]" name="testcase10" duration-ms="102" started-at="2022-07-04T14:22:11Z" depends-on-methods="day1.RAday1.testcase9" finished-at="2022-07-04T14:22:11Z">
          <params>
            <param index="0">
              <value>
                <![CDATA[org.testng.TestRunner@380fb434]]>
              </value>
            </param>
          </params>
          <reporter-output>
          </reporter-output>
        </test-method> <!-- testcase10 -->
      </class> <!-- day1.RAday1 -->
    </test> <!-- Default test -->
  </suite> <!-- Default suite -->
</testng-results>
